<?xml version="1.0" encoding="UTF-8"?>
<testsuite xmlns:xsi="http://www.w3.org/2001/XMLSchema-instance" xsi:noNamespaceSchemaLocation="https://maven.apache.org/surefire/maven-surefire-plugin/xsd/surefire-test-report-3.0.xsd" version="3.0" name="TestSuite" time="8.235" tests="4" errors="0" skipped="0" failures="0">
  <properties>
    <property name="java.specification.version" value="21"/>
    <property name="sun.jnu.encoding" value="UTF-8"/>
    <property name="java.class.path" value="/Users/vivekparmar/Desktop/RestAssuredFramework/target/test-classes:/Users/vivekparmar/Desktop/RestAssuredFramework/target/classes:/Users/vivekparmar/.m2/repository/io/rest-assured/rest-assured/5.3.2/rest-assured-5.3.2.jar:/Users/vivekparmar/.m2/repository/org/apache/groovy/groovy/4.0.11/groovy-4.0.11.jar:/Users/vivekparmar/.m2/repository/org/apache/groovy/groovy-xml/4.0.11/groovy-xml-4.0.11.jar:/Users/vivekparmar/.m2/repository/org/apache/httpcomponents/httpclient/4.5.13/httpclient-4.5.13.jar:/Users/vivekparmar/.m2/repository/org/apache/httpcomponents/httpcore/4.4.13/httpcore-4.4.13.jar:/Users/vivekparmar/.m2/repository/commons-logging/commons-logging/1.2/commons-logging-1.2.jar:/Users/vivekparmar/.m2/repository/org/apache/httpcomponents/httpmime/4.5.13/httpmime-4.5.13.jar:/Users/vivekparmar/.m2/repository/org/hamcrest/hamcrest/2.2/hamcrest-2.2.jar:/Users/vivekparmar/.m2/repository/org/ccil/cowan/tagsoup/tagsoup/1.2.1/tagsoup-1.2.1.jar:/Users/vivekparmar/.m2/repository/io/rest-assured/xml-path/5.3.2/xml-path-5.3.2.jar:/Users/vivekparmar/.m2/repository/io/rest-assured/json-path/5.3.2/json-path-5.3.2.jar:/Users/vivekparmar/.m2/repository/org/apache/groovy/groovy-json/4.0.11/groovy-json-4.0.11.jar:/Users/vivekparmar/.m2/repository/io/rest-assured/rest-assured-common/5.3.2/rest-assured-common-5.3.2.jar:/Users/vivekparmar/.m2/repository/org/json/json/20231013/json-20231013.jar:/Users/vivekparmar/.m2/repository/io/rest-assured/json-schema-validator/5.3.2/json-schema-validator-5.3.2.jar:/Users/vivekparmar/.m2/repository/com/github/java-json-tools/json-schema-validator/2.2.14/json-schema-validator-2.2.14.jar:/Users/vivekparmar/.m2/repository/com/github/java-json-tools/jackson-coreutils-equivalence/1.0/jackson-coreutils-equivalence-1.0.jar:/Users/vivekparmar/.m2/repository/com/github/java-json-tools/jackson-coreutils/2.0/jackson-coreutils-2.0.jar:/Users/vivekparmar/.m2/repository/com/github/java-json-tools/msg-simple/1.2/msg-simple-1.2.jar:/Users/vivekparmar/.m2/repository/com/github/java-json-tools/btf/1.3/btf-1.3.jar:/Users/vivekparmar/.m2/repository/com/github/java-json-tools/json-schema-core/1.2.14/json-schema-core-1.2.14.jar:/Users/vivekparmar/.m2/repository/com/github/java-json-tools/uri-template/0.10/uri-template-0.10.jar:/Users/vivekparmar/.m2/repository/org/mozilla/rhino/1.7.7.2/rhino-1.7.7.2.jar:/Users/vivekparmar/.m2/repository/com/sun/mail/mailapi/1.6.2/mailapi-1.6.2.jar:/Users/vivekparmar/.m2/repository/joda-time/joda-time/2.10.5/joda-time-2.10.5.jar:/Users/vivekparmar/.m2/repository/com/googlecode/libphonenumber/libphonenumber/8.11.1/libphonenumber-8.11.1.jar:/Users/vivekparmar/.m2/repository/com/google/code/findbugs/jsr305/3.0.2/jsr305-3.0.2.jar:/Users/vivekparmar/.m2/repository/net/sf/jopt-simple/jopt-simple/5.0.4/jopt-simple-5.0.4.jar:/Users/vivekparmar/.m2/repository/com/google/guava/guava/32.0.1-jre/guava-32.0.1-jre.jar:/Users/vivekparmar/.m2/repository/com/google/guava/failureaccess/1.0.1/failureaccess-1.0.1.jar:/Users/vivekparmar/.m2/repository/com/google/guava/listenablefuture/9999.0-empty-to-avoid-conflict-with-guava/listenablefuture-9999.0-empty-to-avoid-conflict-with-guava.jar:/Users/vivekparmar/.m2/repository/org/checkerframework/checker-qual/3.33.0/checker-qual-3.33.0.jar:/Users/vivekparmar/.m2/repository/com/google/errorprone/error_prone_annotations/2.18.0/error_prone_annotations-2.18.0.jar:/Users/vivekparmar/.m2/repository/com/google/j2objc/j2objc-annotations/2.8/j2objc-annotations-2.8.jar:/Users/vivekparmar/.m2/repository/com/github/scribejava/scribejava-apis/8.3.3/scribejava-apis-8.3.3.jar:/Users/vivekparmar/.m2/repository/com/github/scribejava/scribejava-core/8.3.3/scribejava-core-8.3.3.jar:/Users/vivekparmar/.m2/repository/com/github/scribejava/scribejava-java8/8.3.3/scribejava-java8-8.3.3.jar:/Users/vivekparmar/.m2/repository/com/fasterxml/jackson/core/jackson-databind/2.14.0/jackson-databind-2.14.0.jar:/Users/vivekparmar/.m2/repository/com/fasterxml/jackson/core/jackson-annotations/2.14.0/jackson-annotations-2.14.0.jar:/Users/vivekparmar/.m2/repository/com/fasterxml/jackson/core/jackson-core/2.14.0/jackson-core-2.14.0.jar:/Users/vivekparmar/.m2/repository/org/testng/testng/7.8.0/testng-7.8.0.jar:/Users/vivekparmar/.m2/repository/org/slf4j/slf4j-api/1.7.36/slf4j-api-1.7.36.jar:/Users/vivekparmar/.m2/repository/com/beust/jcommander/1.82/jcommander-1.82.jar:/Users/vivekparmar/.m2/repository/org/webjars/jquery/3.6.1/jquery-3.6.1.jar:/Users/vivekparmar/.m2/repository/com/github/javafaker/javafaker/1.0.2/javafaker-1.0.2.jar:/Users/vivekparmar/.m2/repository/org/apache/commons/commons-lang3/3.5/commons-lang3-3.5.jar:/Users/vivekparmar/.m2/repository/org/yaml/snakeyaml/1.23/snakeyaml-1.23-android.jar:/Users/vivekparmar/.m2/repository/com/github/mifmif/generex/1.0.2/generex-1.0.2.jar:/Users/vivekparmar/.m2/repository/dk/brics/automaton/automaton/1.11-8/automaton-1.11-8.jar:/Users/vivekparmar/.m2/repository/com/aventstack/extentreports/5.1.1/extentreports-5.1.1.jar:/Users/vivekparmar/.m2/repository/io/reactivex/rxjava3/rxjava/3.1.6/rxjava-3.1.6.jar:/Users/vivekparmar/.m2/repository/org/reactivestreams/reactive-streams/1.0.4/reactive-streams-1.0.4.jar:/Users/vivekparmar/.m2/repository/org/freemarker/freemarker/2.3.32/freemarker-2.3.32.jar:/Users/vivekparmar/.m2/repository/org/projectlombok/lombok/1.18.26/lombok-1.18.26.jar:/Users/vivekparmar/.m2/repository/com/google/code/gson/gson/2.10.1/gson-2.10.1.jar:/Users/vivekparmar/.m2/repository/org/apache/poi/poi/5.2.5/poi-5.2.5.jar:/Users/vivekparmar/.m2/repository/commons-codec/commons-codec/1.16.0/commons-codec-1.16.0.jar:/Users/vivekparmar/.m2/repository/org/apache/commons/commons-collections4/4.4/commons-collections4-4.4.jar:/Users/vivekparmar/.m2/repository/org/apache/commons/commons-math3/3.6.1/commons-math3-3.6.1.jar:/Users/vivekparmar/.m2/repository/commons-io/commons-io/2.15.0/commons-io-2.15.0.jar:/Users/vivekparmar/.m2/repository/com/zaxxer/SparseBitSet/1.3/SparseBitSet-1.3.jar:/Users/vivekparmar/.m2/repository/org/apache/poi/poi-ooxml/5.2.5/poi-ooxml-5.2.5.jar:/Users/vivekparmar/.m2/repository/org/apache/poi/poi-ooxml-lite/5.2.5/poi-ooxml-lite-5.2.5.jar:/Users/vivekparmar/.m2/repository/org/apache/xmlbeans/xmlbeans/5.2.0/xmlbeans-5.2.0.jar:/Users/vivekparmar/.m2/repository/org/apache/commons/commons-compress/1.25.0/commons-compress-1.25.0.jar:/Users/vivekparmar/.m2/repository/com/github/virtuald/curvesapi/1.08/curvesapi-1.08.jar:/Users/vivekparmar/.m2/repository/org/apache/logging/log4j/log4j-core/2.22.0/log4j-core-2.22.0.jar:/Users/vivekparmar/.m2/repository/org/apache/logging/log4j/log4j-api/2.22.0/log4j-api-2.22.0.jar:"/>
    <property name="java.vm.vendor" value="Homebrew"/>
    <property name="sun.arch.data.model" value="64"/>
    <property name="java.vendor.url" value="https://github.com/Homebrew/homebrew-core/issues"/>
    <property name="user.timezone" value="America/Edmonton"/>
    <property name="os.name" value="Mac OS X"/>
    <property name="java.vm.specification.version" value="21"/>
    <property name="sun.java.launcher" value="SUN_STANDARD"/>
    <property name="user.country" value="CA"/>
    <property name="sun.boot.library.path" value="/opt/homebrew/Cellar/openjdk/21.0.1/libexec/openjdk.jdk/Contents/Home/lib"/>
    <property name="sun.java.command" value="/Users/vivekparmar/Desktop/RestAssuredFramework/target/surefire/surefirebooter-20231217153637195_3.jar /Users/vivekparmar/Desktop/RestAssuredFramework/target/surefire 2023-12-17T15-36-37_158-jvmRun1 surefire-20231217153637195_1tmp surefire_0-20231217153637195_2tmp"/>
    <property name="http.nonProxyHosts" value="local|*.local|169.254/16|*.169.254/16"/>
    <property name="jdk.debug" value="release"/>
    <property name="surefire.test.class.path" value="/Users/vivekparmar/Desktop/RestAssuredFramework/target/test-classes:/Users/vivekparmar/Desktop/RestAssuredFramework/target/classes:/Users/vivekparmar/.m2/repository/io/rest-assured/rest-assured/5.3.2/rest-assured-5.3.2.jar:/Users/vivekparmar/.m2/repository/org/apache/groovy/groovy/4.0.11/groovy-4.0.11.jar:/Users/vivekparmar/.m2/repository/org/apache/groovy/groovy-xml/4.0.11/groovy-xml-4.0.11.jar:/Users/vivekparmar/.m2/repository/org/apache/httpcomponents/httpclient/4.5.13/httpclient-4.5.13.jar:/Users/vivekparmar/.m2/repository/org/apache/httpcomponents/httpcore/4.4.13/httpcore-4.4.13.jar:/Users/vivekparmar/.m2/repository/commons-logging/commons-logging/1.2/commons-logging-1.2.jar:/Users/vivekparmar/.m2/repository/org/apache/httpcomponents/httpmime/4.5.13/httpmime-4.5.13.jar:/Users/vivekparmar/.m2/repository/org/hamcrest/hamcrest/2.2/hamcrest-2.2.jar:/Users/vivekparmar/.m2/repository/org/ccil/cowan/tagsoup/tagsoup/1.2.1/tagsoup-1.2.1.jar:/Users/vivekparmar/.m2/repository/io/rest-assured/xml-path/5.3.2/xml-path-5.3.2.jar:/Users/vivekparmar/.m2/repository/io/rest-assured/json-path/5.3.2/json-path-5.3.2.jar:/Users/vivekparmar/.m2/repository/org/apache/groovy/groovy-json/4.0.11/groovy-json-4.0.11.jar:/Users/vivekparmar/.m2/repository/io/rest-assured/rest-assured-common/5.3.2/rest-assured-common-5.3.2.jar:/Users/vivekparmar/.m2/repository/org/json/json/20231013/json-20231013.jar:/Users/vivekparmar/.m2/repository/io/rest-assured/json-schema-validator/5.3.2/json-schema-validator-5.3.2.jar:/Users/vivekparmar/.m2/repository/com/github/java-json-tools/json-schema-validator/2.2.14/json-schema-validator-2.2.14.jar:/Users/vivekparmar/.m2/repository/com/github/java-json-tools/jackson-coreutils-equivalence/1.0/jackson-coreutils-equivalence-1.0.jar:/Users/vivekparmar/.m2/repository/com/github/java-json-tools/jackson-coreutils/2.0/jackson-coreutils-2.0.jar:/Users/vivekparmar/.m2/repository/com/github/java-json-tools/msg-simple/1.2/msg-simple-1.2.jar:/Users/vivekparmar/.m2/repository/com/github/java-json-tools/btf/1.3/btf-1.3.jar:/Users/vivekparmar/.m2/repository/com/github/java-json-tools/json-schema-core/1.2.14/json-schema-core-1.2.14.jar:/Users/vivekparmar/.m2/repository/com/github/java-json-tools/uri-template/0.10/uri-template-0.10.jar:/Users/vivekparmar/.m2/repository/org/mozilla/rhino/1.7.7.2/rhino-1.7.7.2.jar:/Users/vivekparmar/.m2/repository/com/sun/mail/mailapi/1.6.2/mailapi-1.6.2.jar:/Users/vivekparmar/.m2/repository/joda-time/joda-time/2.10.5/joda-time-2.10.5.jar:/Users/vivekparmar/.m2/repository/com/googlecode/libphonenumber/libphonenumber/8.11.1/libphonenumber-8.11.1.jar:/Users/vivekparmar/.m2/repository/com/google/code/findbugs/jsr305/3.0.2/jsr305-3.0.2.jar:/Users/vivekparmar/.m2/repository/net/sf/jopt-simple/jopt-simple/5.0.4/jopt-simple-5.0.4.jar:/Users/vivekparmar/.m2/repository/com/google/guava/guava/32.0.1-jre/guava-32.0.1-jre.jar:/Users/vivekparmar/.m2/repository/com/google/guava/failureaccess/1.0.1/failureaccess-1.0.1.jar:/Users/vivekparmar/.m2/repository/com/google/guava/listenablefuture/9999.0-empty-to-avoid-conflict-with-guava/listenablefuture-9999.0-empty-to-avoid-conflict-with-guava.jar:/Users/vivekparmar/.m2/repository/org/checkerframework/checker-qual/3.33.0/checker-qual-3.33.0.jar:/Users/vivekparmar/.m2/repository/com/google/errorprone/error_prone_annotations/2.18.0/error_prone_annotations-2.18.0.jar:/Users/vivekparmar/.m2/repository/com/google/j2objc/j2objc-annotations/2.8/j2objc-annotations-2.8.jar:/Users/vivekparmar/.m2/repository/com/github/scribejava/scribejava-apis/8.3.3/scribejava-apis-8.3.3.jar:/Users/vivekparmar/.m2/repository/com/github/scribejava/scribejava-core/8.3.3/scribejava-core-8.3.3.jar:/Users/vivekparmar/.m2/repository/com/github/scribejava/scribejava-java8/8.3.3/scribejava-java8-8.3.3.jar:/Users/vivekparmar/.m2/repository/com/fasterxml/jackson/core/jackson-databind/2.14.0/jackson-databind-2.14.0.jar:/Users/vivekparmar/.m2/repository/com/fasterxml/jackson/core/jackson-annotations/2.14.0/jackson-annotations-2.14.0.jar:/Users/vivekparmar/.m2/repository/com/fasterxml/jackson/core/jackson-core/2.14.0/jackson-core-2.14.0.jar:/Users/vivekparmar/.m2/repository/org/testng/testng/7.8.0/testng-7.8.0.jar:/Users/vivekparmar/.m2/repository/org/slf4j/slf4j-api/1.7.36/slf4j-api-1.7.36.jar:/Users/vivekparmar/.m2/repository/com/beust/jcommander/1.82/jcommander-1.82.jar:/Users/vivekparmar/.m2/repository/org/webjars/jquery/3.6.1/jquery-3.6.1.jar:/Users/vivekparmar/.m2/repository/com/github/javafaker/javafaker/1.0.2/javafaker-1.0.2.jar:/Users/vivekparmar/.m2/repository/org/apache/commons/commons-lang3/3.5/commons-lang3-3.5.jar:/Users/vivekparmar/.m2/repository/org/yaml/snakeyaml/1.23/snakeyaml-1.23-android.jar:/Users/vivekparmar/.m2/repository/com/github/mifmif/generex/1.0.2/generex-1.0.2.jar:/Users/vivekparmar/.m2/repository/dk/brics/automaton/automaton/1.11-8/automaton-1.11-8.jar:/Users/vivekparmar/.m2/repository/com/aventstack/extentreports/5.1.1/extentreports-5.1.1.jar:/Users/vivekparmar/.m2/repository/io/reactivex/rxjava3/rxjava/3.1.6/rxjava-3.1.6.jar:/Users/vivekparmar/.m2/repository/org/reactivestreams/reactive-streams/1.0.4/reactive-streams-1.0.4.jar:/Users/vivekparmar/.m2/repository/org/freemarker/freemarker/2.3.32/freemarker-2.3.32.jar:/Users/vivekparmar/.m2/repository/org/projectlombok/lombok/1.18.26/lombok-1.18.26.jar:/Users/vivekparmar/.m2/repository/com/google/code/gson/gson/2.10.1/gson-2.10.1.jar:/Users/vivekparmar/.m2/repository/org/apache/poi/poi/5.2.5/poi-5.2.5.jar:/Users/vivekparmar/.m2/repository/commons-codec/commons-codec/1.16.0/commons-codec-1.16.0.jar:/Users/vivekparmar/.m2/repository/org/apache/commons/commons-collections4/4.4/commons-collections4-4.4.jar:/Users/vivekparmar/.m2/repository/org/apache/commons/commons-math3/3.6.1/commons-math3-3.6.1.jar:/Users/vivekparmar/.m2/repository/commons-io/commons-io/2.15.0/commons-io-2.15.0.jar:/Users/vivekparmar/.m2/repository/com/zaxxer/SparseBitSet/1.3/SparseBitSet-1.3.jar:/Users/vivekparmar/.m2/repository/org/apache/poi/poi-ooxml/5.2.5/poi-ooxml-5.2.5.jar:/Users/vivekparmar/.m2/repository/org/apache/poi/poi-ooxml-lite/5.2.5/poi-ooxml-lite-5.2.5.jar:/Users/vivekparmar/.m2/repository/org/apache/xmlbeans/xmlbeans/5.2.0/xmlbeans-5.2.0.jar:/Users/vivekparmar/.m2/repository/org/apache/commons/commons-compress/1.25.0/commons-compress-1.25.0.jar:/Users/vivekparmar/.m2/repository/com/github/virtuald/curvesapi/1.08/curvesapi-1.08.jar:/Users/vivekparmar/.m2/repository/org/apache/logging/log4j/log4j-core/2.22.0/log4j-core-2.22.0.jar:/Users/vivekparmar/.m2/repository/org/apache/logging/log4j/log4j-api/2.22.0/log4j-api-2.22.0.jar:"/>
    <property name="sun.cpu.endian" value="little"/>
    <property name="user.home" value="/Users/vivekparmar"/>
    <property name="user.language" value="en"/>
    <property name="java.specification.vendor" value="Oracle Corporation"/>
    <property name="java.version.date" value="2023-10-17"/>
    <property name="java.home" value="/opt/homebrew/Cellar/openjdk/21.0.1/libexec/openjdk.jdk/Contents/Home"/>
    <property name="file.separator" value="/"/>
    <property name="basedir" value="/Users/vivekparmar/Desktop/RestAssuredFramework"/>
    <property name="java.vm.compressedOopsMode" value="Zero based"/>
    <property name="line.separator" value="&#10;"/>
    <property name="java.vm.specification.vendor" value="Oracle Corporation"/>
    <property name="java.specification.name" value="Java Platform API Specification"/>
    <property name="apple.awt.application.name" value="ForkedBooter"/>
    <property name="surefire.real.class.path" value="/Users/vivekparmar/Desktop/RestAssuredFramework/target/surefire/surefirebooter-20231217153637195_3.jar"/>
    <property name="sun.management.compiler" value="HotSpot 64-Bit Tiered Compilers"/>
    <property name="ftp.nonProxyHosts" value="local|*.local|169.254/16|*.169.254/16"/>
    <property name="java.runtime.version" value="21.0.1"/>
    <property name="user.name" value="vivekparmar"/>
    <property name="stdout.encoding" value="UTF-8"/>
    <property name="path.separator" value=":"/>
    <property name="os.version" value="14.0"/>
    <property name="java.runtime.name" value="OpenJDK Runtime Environment"/>
    <property name="file.encoding" value="UTF-8"/>
    <property name="java.vm.name" value="OpenJDK 64-Bit Server VM"/>
    <property name="java.vendor.version" value="Homebrew"/>
    <property name="localRepository" value="/Users/vivekparmar/.m2/repository"/>
    <property name="java.vendor.url.bug" value="https://github.com/Homebrew/homebrew-core/issues"/>
    <property name="java.io.tmpdir" value="/var/folders/rk/8zzrf5_54112dy5my1tbp2rc0000gn/T/"/>
    <property name="java.version" value="21.0.1"/>
    <property name="user.dir" value="/Users/vivekparmar/Desktop/RestAssuredFramework"/>
    <property name="os.arch" value="aarch64"/>
    <property name="java.vm.specification.name" value="Java Virtual Machine Specification"/>
    <property name="native.encoding" value="UTF-8"/>
    <property name="java.library.path" value="/Users/vivekparmar/Library/Java/Extensions:/Library/Java/Extensions:/Network/Library/Java/Extensions:/System/Library/Java/Extensions:/usr/lib/java:."/>
    <property name="java.vm.info" value="mixed mode, sharing"/>
    <property name="stderr.encoding" value="UTF-8"/>
    <property name="java.vendor" value="Homebrew"/>
    <property name="java.vm.version" value="21.0.1"/>
    <property name="sun.io.unicode.encoding" value="UnicodeBig"/>
    <property name="socksNonProxyHosts" value="local|*.local|169.254/16|*.169.254/16"/>
    <property name="java.class.version" value="65.0"/>
  </properties>
  <testcase name="testPostUser" classname="com.api.test.UserTests" time="1.055">
    <system-out><![CDATA[15:36:42.844 [main] ERROR com.api.test.UserTests - And here comes the Error Message!
HTTP/1.1 200 OK
Date: Sun, 17 Dec 2023 22:36:43 GMT
Content-Type: application/json
Transfer-Encoding: chunked
Connection: keep-alive
Access-Control-Allow-Origin: *
Access-Control-Allow-Methods: GET, POST, DELETE, PUT
Access-Control-Allow-Headers: Content-Type, api_key, Authorization
Server: Jetty(9.2.9.v20150224)

{
    "code": 200,
    "type": "unknown",
    "message": "2109839984"
}
]]></system-out>
    <system-err><![CDATA[SLF4J: Failed to load class "org.slf4j.impl.StaticLoggerBinder".
SLF4J: Defaulting to no-operation (NOP) logger implementation
SLF4J: See http://www.slf4j.org/codes.html#StaticLoggerBinder for further details.
]]></system-err>
  </testcase>
  <testcase name="testGetUserByName" classname="com.api.test.UserTests" time="0.342">
    <system-out><![CDATA[HTTP/1.1 200 OK
Date: Sun, 17 Dec 2023 22:36:44 GMT
Content-Type: application/json
Transfer-Encoding: chunked
Connection: keep-alive
Access-Control-Allow-Origin: *
Access-Control-Allow-Methods: GET, POST, DELETE, PUT
Access-Control-Allow-Headers: Content-Type, api_key, Authorization
Server: Jetty(9.2.9.v20150224)

{
    "id": 2109839984,
    "username": "novella.kuphal",
    "firstName": "Hyman",
    "lastName": "Wolff",
    "email": "ashanti.ankunding@yahoo.com",
    "password": "t37tltb",
    "phone": "564.953.5325",
    "userStatus": 0
}
]]></system-out>
  </testcase>
  <testcase name="testUpdateUserByName" classname="com.api.test.UserTests" time="0.737">
    <system-out><![CDATA[HTTP/1.1 200 OK
Date: Sun, 17 Dec 2023 22:36:44 GMT
Content-Type: application/json
Transfer-Encoding: chunked
Connection: keep-alive
Access-Control-Allow-Origin: *
Access-Control-Allow-Methods: GET, POST, DELETE, PUT
Access-Control-Allow-Headers: Content-Type, api_key, Authorization
Server: Jetty(9.2.9.v20150224)

{
    "code": 200,
    "type": "unknown",
    "message": "2109839984"
}
HTTP/1.1 200 OK
Date: Sun, 17 Dec 2023 22:36:45 GMT
Content-Type: application/json
Transfer-Encoding: chunked
Connection: keep-alive
Access-Control-Allow-Origin: *
Access-Control-Allow-Methods: GET, POST, DELETE, PUT
Access-Control-Allow-Headers: Content-Type, api_key, Authorization
Server: Jetty(9.2.9.v20150224)

{
    "id": 2109839984,
    "username": "novella.kuphal",
    "firstName": "Terrence",
    "lastName": "Smitham",
    "email": "del.stokes@yahoo.com",
    "password": "t37tltb",
    "phone": "564.953.5325",
    "userStatus": 0
}
]]></system-out>
  </testcase>
  <testcase name="testDeleteUserByName" classname="com.api.test.UserTests" time="0.356">
    <system-out><![CDATA[HTTP/1.1 200 OK
Date: Sun, 17 Dec 2023 22:36:45 GMT
Content-Type: application/json
Transfer-Encoding: chunked
Connection: keep-alive
Access-Control-Allow-Origin: *
Access-Control-Allow-Methods: GET, POST, DELETE, PUT
Access-Control-Allow-Headers: Content-Type, api_key, Authorization
Server: Jetty(9.2.9.v20150224)

{
    "code": 200,
    "type": "unknown",
    "message": "novella.kuphal"
}
]]></system-out>
  </testcase>
</testsuite>