<?xml version="1.0" encoding="UTF-8"?>
<!-- Generated by org.testng.reporters.JUnitReportReporter -->
<testsuite hostname="Viveks-MacBook-Air.local" failures="0" tests="4" name="Demo1.HTTPRequests" time="5.369" errors="0" timestamp="2023-12-05T19:17:51 MST" skipped="0">
  <testcase classname="Demo1.HTTPRequests" name="getUsers" time="3.434"/>
  <testcase classname="Demo1.HTTPRequests" name="createNewUser" time="0.855"/>
  <testcase classname="Demo1.HTTPRequests" name="updateUser" time="0.522"/>
  <testcase classname="Demo1.HTTPRequests" name="deleteUser" time="0.558"/>
</testsuite> <!-- Demo1.HTTPRequests -->
