<?xml version="1.0" encoding="UTF-8"?>
<!-- Generated by org.testng.reporters.JUnitReportReporter -->
<testsuite hostname="Viveks-MacBook-Air.local" failures="0" tests="6" name="com.api.datadriventest.DataDrivernTest" time="4.564" errors="0" timestamp="2023-12-15T15:36:15 MST" skipped="0">
  <testcase classname="com.api.datadriventest.DataDrivernTest" name="testPostUser" time="2.491"/>
  <testcase classname="com.api.datadriventest.DataDrivernTest" name="testPostUser" time="0.433"/>
  <testcase classname="com.api.datadriventest.DataDrivernTest" name="testPostUser" time="0.412"/>
  <testcase classname="com.api.datadriventest.DataDrivernTest" name="testDeleteUser" time="0.392"/>
  <testcase classname="com.api.datadriventest.DataDrivernTest" name="testDeleteUser" time="0.422"/>
  <testcase classname="com.api.datadriventest.DataDrivernTest" name="testDeleteUser" time="0.414"/>
</testsuite> <!-- com.api.datadriventest.DataDrivernTest -->
